<?xml version="1.0" encoding="UTF-8"?>
<!-- Generated by org.testng.reporters.JUnitReportReporter -->
<testsuite hostname="HJNZL001397" failures="0" tests="1" name="cucumber.TestNGTestRunner" time="21.324" errors="0" timestamp="2024-03-21T19:19:12 IST" skipped="0">
  <testcase classname="cucumber.TestNGTestRunner" name="runScenario" time="21.324"/>
  <system-out/>
</testsuite> <!-- cucumber.TestNGTestRunner -->
