<?xml version="1.0" encoding="UTF-8"?>
<!-- Generated by org.testng.reporters.JUnitReportReporter -->
<testsuite hostname="HJNZL001397" failures="0" tests="3" name="rahulshettyacademy.tests.SubmitOrderTest" time="56.650" errors="0" timestamp="2024-03-20T19:08:43 IST" skipped="0">
  <testcase classname="rahulshettyacademy.tests.SubmitOrderTest" name="submitOrder" time="21.142"/>
  <testcase classname="rahulshettyacademy.tests.SubmitOrderTest" name="submitOrder" time="17.068"/>
  <testcase classname="rahulshettyacademy.tests.SubmitOrderTest" name="OrderHistoryTesst" time="18.440"/>
</testsuite> <!-- rahulshettyacademy.tests.SubmitOrderTest -->
