<?xml version="1.0" encoding="UTF-8"?>
<!-- Generated by org.testng.reporters.JUnitReportReporter -->
<testsuite hostname="HJNZL001397" failures="0" tests="2" name="rahulshettyacademy.tests.ErrorValidationTest" time="34.675" errors="0" timestamp="2024-03-20T19:08:43 IST" skipped="0">
  <testcase classname="rahulshettyacademy.tests.ErrorValidationTest" name="loginErrorValidation" time="16.881"/>
  <testcase classname="rahulshettyacademy.tests.ErrorValidationTest" name="productErrorValidation" time="17.794"/>
</testsuite> <!-- rahulshettyacademy.tests.ErrorValidationTest -->
